<?xml version="1.0" encoding="UTF-8"?>
<!-- Generated by org.testng.reporters.JUnitReportReporter -->
<testsuite hostname="ShimaaMM" failures="0" tests="12" name="udacity.project2.AppTest" time="45.341" errors="0" timestamp="2022-05-15T16:17:59 AST" skipped="0">
  <testcase classname="udacity.project2.AppTest" name="selectCategoryTest" time="0.931"/>
  <system-out/>
  <testcase classname="udacity.project2.AppTest" name="searchTest" time="0.889"/>
  <system-out/>
  <testcase classname="udacity.project2.AppTest" name="passwordResetTest" time="3.086"/>
  <system-out/>
  <testcase classname="udacity.project2.AppTest" name="addToCompairListTest" time="3.240"/>
  <system-out/>
  <testcase classname="udacity.project2.AppTest" name="registerTest" time="2.737"/>
  <system-out/>
  <testcase classname="udacity.project2.AppTest" name="addToCartTest" time="1.237"/>
  <system-out/>
  <testcase classname="udacity.project2.AppTest" name="placeAnOrderTest" time="18.716"/>
  <system-out/>
  <testcase classname="udacity.project2.AppTest" name="loginTest" time="5.156"/>
  <system-out/>
  <testcase classname="udacity.project2.AppTest" name="selectTagsTest" time="3.743"/>
  <system-out/>
  <testcase classname="udacity.project2.AppTest" name="addToWishlistTest" time="1.242"/>
  <system-out/>
  <testcase classname="udacity.project2.AppTest" name="changeCurrencyTest" time="3.258"/>
  <system-out/>
  <testcase classname="udacity.project2.AppTest" name="filterByColorTest" time="1.106"/>
  <system-out/>
</testsuite> <!-- udacity.project2.AppTest -->
